{"name": "Test create user", "status": "failed", "statusDetails": {"message": "AssertionError: Status code assertion failed. Expected: 201, Got: 404", "trace": "self = <tests.api.test_cases.test_user_api.TestUserAPI object at 0x000001826ABB6D50>\n\n    @allure.title(\"Test create user\")\n    @allure.description(\"Verify user can be created via API\")\n    @allure.severity(allure.severity_level.CRITICAL)\n    @pytest.mark.smoke\n    @pytest.mark.api\n    def test_create_user(self):\n        \"\"\"Test create user\"\"\"\n        self.log_test_step(\"Step 1: Prepare user data\")\n        user_data = {\n            \"username\": self.faker.user_name(),\n            \"email\": self.faker.email(),\n            \"first_name\": self.faker.first_name(),\n            \"last_name\": self.faker.last_name(),\n            \"phone\": self.faker.phone_number()\n        }\n    \n        self.log_test_step(\"Step 2: Create user via API\")\n>       user = self.user_service.create_user(user_data)\n\ntests\\api\\test_cases\\test_user_api.py:44: \n_ _ _ _ _ _ _ _ _ _ _ _ _ _ _ _ _ _ _ _ _ _ _ _ _ _ _ _ _ _ _ _ _ _ _ _ _ _ _ _ _ _ _ _ _ _ _ _ _ _ _ _ _ _ _ _ _ _ _ _ _ _ _ _ _ _ _ _ _ _ _ _ _ _ _ _ _ _ _ _ _ _ _ _ _ _ _ _ _ _ _ _ _ _ _ _ _ _ _ _ _ _ _ _ _ _ _ _ _ _ _ _ _ _ _ _ _ _\ntests\\api\\services\\user_service.py:18: in create_user\n    self.validate_status_code(response, 201)\ncore\\base\\base_api.py:260: in validate_status_code\n    self.api_client.validate_response_status(response, expected_status)\ncore\\utils\\api_client_utility.py:1650: in validate_response_status\n    return self.assert_status_code(expected_status, response)\n_ _ _ _ _ _ _ _ _ _ _ _ _ _ _ _ _ _ _ _ _ _ _ _ _ _ _ _ _ _ _ _ _ _ _ _ _ _ _ _ _ _ _ _ _ _ _ _ _ _ _ _ _ _ _ _ _ _ _ _ _ _ _ _ _ _ _ _ _ _ _ _ _ _ _ _ _ _ _ _ _ _ _ _ _ _ _ _ _ _ _ _ _ _ _ _ _ _ _ _ _ _ _ _ _ _ _ _ _ _ _ _ _ _ _ _ _ _\n\nself = <core.utils.api_client_utility.APIClientUtility object at 0x000001826AC9B380>, expected_code = 201, response = <Response [404]>\n\n    def assert_status_code(self, expected_code: int,\n                           response: requests.Response = None) -> bool:\n        \"\"\"\n        Assert response status code\n    \n        Args:\n            expected_code: Expected status code\n            response: Response object (uses last response if None)\n    \n        Returns:\n            True if assertion passes\n    \n        Raises:\n            AssertionError if status code doesn't match\n        \"\"\"\n        resp = response if response else self.response\n        actual_code = resp.status_code\n    \n>       assert actual_code == expected_code, \\\n            f\"Status code assertion failed. Expected: {expected_code}, Got: {actual_code}\"\nE       AssertionError: Status code assertion failed. Expected: 201, Got: 404\n\ncore\\utils\\api_client_utility.py:654: AssertionError"}, "description": "Verify user can be created via API", "steps": [{"name": "Step 1: Prepare user data", "status": "passed", "start": 1759762897771, "stop": 1759762897771}, {"name": "Step 2: Create user via API", "status": "passed", "start": 1759762897772, "stop": 1759762897772}, {"name": "Create user", "status": "failed", "statusDetails": {"message": "AssertionError: Status code assertion failed. Expected: 201, Got: 404\n", "trace": "  File \"C:\\Users\\rohitk\\AppData\\Local\\Programs\\Python\\Python313\\Lib\\site-packages\\allure_commons\\_allure.py\", line 192, in impl\n    return func(*a, **kw)\n  File \"C:\\Users\\rohitk\\Desktop\\Hybrid-Playwright-Python-Framework\\tests\\api\\services\\user_service.py\", line 18, in create_user\n    self.validate_status_code(response, 201)\n    ~~~~~~~~~~~~~~~~~~~~~~~~~^^^^^^^^^^^^^^^\n  File \"C:\\Users\\rohitk\\Desktop\\Hybrid-Playwright-Python-Framework\\core\\base\\base_api.py\", line 260, in validate_status_code\n    self.api_client.validate_response_status(response, expected_status)\n    ~~~~~~~~~~~~~~~~~~~~~~~~~~~~~~~~~~~~~~~~^^^^^^^^^^^^^^^^^^^^^^^^^^^\n  File \"C:\\Users\\rohitk\\Desktop\\Hybrid-Playwright-Python-Framework\\core\\utils\\api_client_utility.py\", line 1650, in validate_response_status\n    return self.assert_status_code(expected_status, response)\n           ~~~~~~~~~~~~~~~~~~~~~~~^^^^^^^^^^^^^^^^^^^^^^^^^^^\n  File \"C:\\Users\\rohitk\\Desktop\\Hybrid-Playwright-Python-Framework\\core\\utils\\api_client_utility.py\", line 654, in assert_status_code\n    assert actual_code == expected_code, \\\n           ^^^^^^^^^^^^^^^^^^^^^^^^^^^^\n"}, "steps": [{"name": "POST request to: '/users'", "status": "passed", "attachments": [{"name": "Request Payload", "source": "773003f5-ada2-4803-a8cf-6eff0915568c-attachment.json", "type": "application/json"}, {"name": "Response Body (Status: 404)", "source": "fb18cdff-e9e3-4ddb-87f7-2fcc95563049-attachment.txt", "type": "text/plain"}, {"name": "Response Headers", "source": "2a393bc0-a06f-4117-83f1-a9aa674a3344-attachment.json", "type": "application/json"}, {"name": "Response Metadata", "source": "afc8a65f-c438-4765-b0ad-62a45bb5b796-attachment.json", "type": "application/json"}], "parameters": [{"name": "endpoint", "value": "'/users'"}, {"name": "payload", "value": "{'username': 'brittanywhite', 'email': 'pscott@example.net', 'first_name': 'Jessica', 'last_name': 'Wright', 'phone': '583-642-6818x8773'}"}, {"name": "headers", "value": "None"}, {"name": "files", "value": "None"}], "start": 1759762897772, "stop": 1759762901408}, {"name": "Validate status code is 201", "status": "failed", "statusDetails": {"message": "AssertionError: Status code assertion failed. Expected: 201, Got: 404\n", "trace": "  File \"C:\\Users\\rohitk\\Desktop\\Hybrid-Playwright-Python-Framework\\core\\base\\base_api.py\", line 260, in validate_status_code\n    self.api_client.validate_response_status(response, expected_status)\n    ~~~~~~~~~~~~~~~~~~~~~~~~~~~~~~~~~~~~~~~~^^^^^^^^^^^^^^^^^^^^^^^^^^^\n  File \"C:\\Users\\rohitk\\Desktop\\Hybrid-Playwright-Python-Framework\\core\\utils\\api_client_utility.py\", line 1650, in validate_response_status\n    return self.assert_status_code(expected_status, response)\n           ~~~~~~~~~~~~~~~~~~~~~~~^^^^^^^^^^^^^^^^^^^^^^^^^^^\n  File \"C:\\Users\\rohitk\\Desktop\\Hybrid-Playwright-Python-Framework\\core\\utils\\api_client_utility.py\", line 654, in assert_status_code\n    assert actual_code == expected_code, \\\n           ^^^^^^^^^^^^^^^^^^^^^^^^^^^^\n"}, "start": 1759762901408, "stop": 1759762901409}], "parameters": [{"name": "user_data", "value": "{'username': 'brittanywhite', 'email': 'pscott@example.net', 'first_name': 'Jessica', 'last_name': 'Wright', 'phone': '583-642-6818x8773'}"}], "start": 1759762897772, "stop": 1759762901410}], "attachments": [{"name": "log", "source": "57f5a13f-2fbd-4e62-9244-73508f2b0284-attachment.txt", "type": "text/plain"}], "start": 1759762897771, "stop": 1759762901411, "uuid": "596349b5-ae04-40a5-aca9-2d62d487ae15", "historyId": "1aced3d2966047fcff743b8b28593de0", "testCaseId": "1aced3d2966047fcff743b8b28593de0", "fullName": "tests.api.test_cases.test_user_api.TestUserAPI#test_create_user", "labels": [{"name": "feature", "value": "TestUserAPI"}, {"name": "story", "value": "test_create_user"}, {"name": "priority", "value": "Low"}, {"name": "framework", "value": "Hybrid Automation Framework"}, {"name": "test_class", "value": "TestUserAPI"}, {"name": "story", "value": "User CRUD Operations"}, {"name": "feature", "value": "User API"}, {"name": "severity", "value": "critical"}, {"name": "tag", "value": "api"}, {"name": "tag", "value": "smoke"}, {"name": "parentSuite", "value": "tests.api.test_cases"}, {"name": "suite", "value": "test_user_api"}, {"name": "subSuite", "value": "TestUserAPI"}, {"name": "host", "value": "ROHITK"}, {"name": "thread", "value": "17968-MainThread"}, {"name": "framework", "value": "pytest"}, {"name": "language", "value": "cpython3"}, {"name": "package", "value": "tests.api.test_cases.test_user_api"}]}