{"name": "Test JSON schema validation", "status": "failed", "statusDetails": {"message": "AssertionError: Status code assertion failed. Expected: 201, Got: 404", "trace": "self = <tests.api.test_cases.test_user_api.TestUserAPI object at 0x000001826ABA83E0>\n\n    @allure.title(\"Test JSON schema validation\")\n    @allure.description(\"Verify API response matches JSON schema\")\n    @allure.severity(allure.severity_level.NORMAL)\n    @pytest.mark.regression\n    @pytest.mark.api\n    def test_user_json_schema_validation(self):\n        \"\"\"Test JSON schema validation\"\"\"\n        self.log_test_step(\"Step 1: Get user data\")\n        user_data = {\n            \"username\": \"testuser\",\n            \"email\": \"test@example.com\",\n            \"first_name\": \"Test\",\n            \"last_name\": \"User\"\n        }\n>       user = self.user_service.create_user(user_data)\n\ntests\\api\\test_cases\\test_user_api.py:89: \n_ _ _ _ _ _ _ _ _ _ _ _ _ _ _ _ _ _ _ _ _ _ _ _ _ _ _ _ _ _ _ _ _ _ _ _ _ _ _ _ _ _ _ _ _ _ _ _ _ _ _ _ _ _ _ _ _ _ _ _ _ _ _ _ _ _ _ _ _ _ _ _ _ _ _ _ _ _ _ _ _ _ _ _ _ _ _ _ _ _ _ _ _ _ _ _ _ _ _ _ _ _ _ _ _ _ _ _ _ _ _ _ _ _ _ _ _ _\ntests\\api\\services\\user_service.py:18: in create_user\n    self.validate_status_code(response, 201)\ncore\\base\\base_api.py:260: in validate_status_code\n    self.api_client.validate_response_status(response, expected_status)\ncore\\utils\\api_client_utility.py:1650: in validate_response_status\n    return self.assert_status_code(expected_status, response)\n_ _ _ _ _ _ _ _ _ _ _ _ _ _ _ _ _ _ _ _ _ _ _ _ _ _ _ _ _ _ _ _ _ _ _ _ _ _ _ _ _ _ _ _ _ _ _ _ _ _ _ _ _ _ _ _ _ _ _ _ _ _ _ _ _ _ _ _ _ _ _ _ _ _ _ _ _ _ _ _ _ _ _ _ _ _ _ _ _ _ _ _ _ _ _ _ _ _ _ _ _ _ _ _ _ _ _ _ _ _ _ _ _ _ _ _ _ _\n\nself = <core.utils.api_client_utility.APIClientUtility object at 0x000001826AD67610>, expected_code = 201, response = <Response [404]>\n\n    def assert_status_code(self, expected_code: int,\n                           response: requests.Response = None) -> bool:\n        \"\"\"\n        Assert response status code\n    \n        Args:\n            expected_code: Expected status code\n            response: Response object (uses last response if None)\n    \n        Returns:\n            True if assertion passes\n    \n        Raises:\n            AssertionError if status code doesn't match\n        \"\"\"\n        resp = response if response else self.response\n        actual_code = resp.status_code\n    \n>       assert actual_code == expected_code, \\\n            f\"Status code assertion failed. Expected: {expected_code}, Got: {actual_code}\"\nE       AssertionError: Status code assertion failed. Expected: 201, Got: 404\n\ncore\\utils\\api_client_utility.py:654: AssertionError"}, "description": "Verify API response matches JSON schema", "steps": [{"name": "Step 1: Get user data", "status": "passed", "start": 1759762903209, "stop": 1759762903209}, {"name": "Create user", "status": "failed", "statusDetails": {"message": "AssertionError: Status code assertion failed. Expected: 201, Got: 404\n", "trace": "  File \"C:\\Users\\rohitk\\AppData\\Local\\Programs\\Python\\Python313\\Lib\\site-packages\\allure_commons\\_allure.py\", line 192, in impl\n    return func(*a, **kw)\n  File \"C:\\Users\\rohitk\\Desktop\\Hybrid-Playwright-Python-Framework\\tests\\api\\services\\user_service.py\", line 18, in create_user\n    self.validate_status_code(response, 201)\n    ~~~~~~~~~~~~~~~~~~~~~~~~~^^^^^^^^^^^^^^^\n  File \"C:\\Users\\rohitk\\Desktop\\Hybrid-Playwright-Python-Framework\\core\\base\\base_api.py\", line 260, in validate_status_code\n    self.api_client.validate_response_status(response, expected_status)\n    ~~~~~~~~~~~~~~~~~~~~~~~~~~~~~~~~~~~~~~~~^^^^^^^^^^^^^^^^^^^^^^^^^^^\n  File \"C:\\Users\\rohitk\\Desktop\\Hybrid-Playwright-Python-Framework\\core\\utils\\api_client_utility.py\", line 1650, in validate_response_status\n    return self.assert_status_code(expected_status, response)\n           ~~~~~~~~~~~~~~~~~~~~~~~^^^^^^^^^^^^^^^^^^^^^^^^^^^\n  File \"C:\\Users\\rohitk\\Desktop\\Hybrid-Playwright-Python-Framework\\core\\utils\\api_client_utility.py\", line 654, in assert_status_code\n    assert actual_code == expected_code, \\\n           ^^^^^^^^^^^^^^^^^^^^^^^^^^^^\n"}, "steps": [{"name": "POST request to: '/users'", "status": "passed", "attachments": [{"name": "Request Payload", "source": "8bc20f7c-f191-4302-943f-c878d5c28220-attachment.json", "type": "application/json"}, {"name": "Response Body (Status: 404)", "source": "f28c1b09-6ce9-4496-9dd5-6da38a37d9b8-attachment.txt", "type": "text/plain"}, {"name": "Response Headers", "source": "3a22cfc4-35a9-44e7-a058-6b248e0acbe5-attachment.json", "type": "application/json"}, {"name": "Response Metadata", "source": "d36b0bab-c6db-4db8-b750-85508d479c05-attachment.json", "type": "application/json"}], "parameters": [{"name": "endpoint", "value": "'/users'"}, {"name": "payload", "value": "{'username': 'testuser', 'email': 'test@example.com', 'first_name': 'Test', 'last_name': 'User'}"}, {"name": "headers", "value": "None"}, {"name": "files", "value": "None"}], "start": 1759762903209, "stop": 1759762905010}, {"name": "Validate status code is 201", "status": "failed", "statusDetails": {"message": "AssertionError: Status code assertion failed. Expected: 201, Got: 404\n", "trace": "  File \"C:\\Users\\rohitk\\Desktop\\Hybrid-Playwright-Python-Framework\\core\\base\\base_api.py\", line 260, in validate_status_code\n    self.api_client.validate_response_status(response, expected_status)\n    ~~~~~~~~~~~~~~~~~~~~~~~~~~~~~~~~~~~~~~~~^^^^^^^^^^^^^^^^^^^^^^^^^^^\n  File \"C:\\Users\\rohitk\\Desktop\\Hybrid-Playwright-Python-Framework\\core\\utils\\api_client_utility.py\", line 1650, in validate_response_status\n    return self.assert_status_code(expected_status, response)\n           ~~~~~~~~~~~~~~~~~~~~~~~^^^^^^^^^^^^^^^^^^^^^^^^^^^\n  File \"C:\\Users\\rohitk\\Desktop\\Hybrid-Playwright-Python-Framework\\core\\utils\\api_client_utility.py\", line 654, in assert_status_code\n    assert actual_code == expected_code, \\\n           ^^^^^^^^^^^^^^^^^^^^^^^^^^^^\n"}, "start": 1759762905010, "stop": 1759762905011}], "parameters": [{"name": "user_data", "value": "{'username': 'testuser', 'email': 'test@example.com', 'first_name': 'Test', 'last_name': 'User'}"}], "start": 1759762903209, "stop": 1759762905012}], "attachments": [{"name": "log", "source": "0d37eb20-179c-4903-81da-619fca187eef-attachment.txt", "type": "text/plain"}], "start": 1759762903208, "stop": 1759762905013, "uuid": "9b2c785b-77f1-4120-877d-bcda06ecf80b", "historyId": "5582b93bef1d96cbc818a57cc5f93669", "testCaseId": "5582b93bef1d96cbc818a57cc5f93669", "fullName": "tests.api.test_cases.test_user_api.TestUserAPI#test_user_json_schema_validation", "labels": [{"name": "feature", "value": "TestUserAPI"}, {"name": "story", "value": "test_user_json_schema_validation"}, {"name": "priority", "value": "Low"}, {"name": "framework", "value": "Hybrid Automation Framework"}, {"name": "test_class", "value": "TestUserAPI"}, {"name": "story", "value": "User CRUD Operations"}, {"name": "feature", "value": "User API"}, {"name": "severity", "value": "normal"}, {"name": "tag", "value": "api"}, {"name": "tag", "value": "regression"}, {"name": "parentSuite", "value": "tests.api.test_cases"}, {"name": "suite", "value": "test_user_api"}, {"name": "subSuite", "value": "TestUserAPI"}, {"name": "host", "value": "ROHITK"}, {"name": "thread", "value": "17968-MainThread"}, {"name": "framework", "value": "pytest"}, {"name": "language", "value": "cpython3"}, {"name": "package", "value": "tests.api.test_cases.test_user_api"}]}